2024-11-23 12:40:37,008 INFO [main] edu.odu.cs.zeil.codegrader.run.CLI:170 - Starting: -suite build/Tests -submissions .. -recording build -inPlace
2024-11-23 12:40:37,719 INFO [main] edu.odu.cs.zeil.codegrader.TestCase:144 - executeTest using command: make 
2024-11-23 12:40:37,723 INFO [main] edu.odu.cs.zeil.codegrader.TestCase:146 - .. 600
2024-11-23 12:40:37,860 INFO [main] edu.odu.cs.zeil.codegrader.TestCase:144 - executeTest using command: ./mergeLists emptyList.txt mediumList2.txt
2024-11-23 12:40:37,861 INFO [main] edu.odu.cs.zeil.codegrader.TestCase:146 - .. 10
2024-11-23 12:40:38,018 INFO [main] edu.odu.cs.zeil.codegrader.TestCase:144 - executeTest using command: ./mergeLists empty.txt mediumList2.txt
2024-11-23 12:40:38,019 INFO [main] edu.odu.cs.zeil.codegrader.TestCase:146 - .. 10
2024-11-23 12:40:38,155 INFO [main] edu.odu.cs.zeil.codegrader.TestCase:144 - executeTest using command: ./mergeLists mediumList1.txt emptyList.txt
2024-11-23 12:40:38,156 INFO [main] edu.odu.cs.zeil.codegrader.TestCase:146 - .. 10
2024-11-23 12:40:38,301 INFO [main] edu.odu.cs.zeil.codegrader.TestCase:144 - executeTest using command: ./mergeLists mediumList1.txt emptyList.txt
2024-11-23 12:40:38,302 INFO [main] edu.odu.cs.zeil.codegrader.TestCase:146 - .. 10
2024-11-23 12:40:38,433 INFO [main] edu.odu.cs.zeil.codegrader.TestCase:144 - executeTest using command: ./mergeLists mediumList1.txt mediumList2.txt
2024-11-23 12:40:38,433 INFO [main] edu.odu.cs.zeil.codegrader.TestCase:146 - .. 10
2024-11-23 12:40:38,579 INFO [main] edu.odu.cs.zeil.codegrader.TestCase:144 - executeTest using command: ./mergeLists mediumList1.txt mediumList2.txt
2024-11-23 12:40:38,579 INFO [main] edu.odu.cs.zeil.codegrader.TestCase:146 - .. 10
2024-11-23 12:40:38,730 INFO [main] edu.odu.cs.zeil.codegrader.TestCase:144 - executeTest using command: ./mergeLists mediumList3.txt mediumList1.txt
2024-11-23 12:40:38,731 INFO [main] edu.odu.cs.zeil.codegrader.TestCase:146 - .. 10
2024-11-23 12:40:38,868 INFO [main] edu.odu.cs.zeil.codegrader.TestCase:144 - executeTest using command: ./mergeLists mediumList3.txt mediumList1.txt
2024-11-23 12:40:38,869 INFO [main] edu.odu.cs.zeil.codegrader.TestCase:146 - .. 10
2024-11-23 12:40:38,997 INFO [main] edu.odu.cs.zeil.codegrader.TestCase:144 - executeTest using command: ./mergeLists mediumList3.txt mediumList2.txt
2024-11-23 12:40:38,998 INFO [main] edu.odu.cs.zeil.codegrader.TestCase:146 - .. 10
2024-11-23 12:40:39,142 INFO [main] edu.odu.cs.zeil.codegrader.TestCase:144 - executeTest using command: ./mergeLists mediumList3.txt mediumList2.txt
2024-11-23 12:40:39,143 INFO [main] edu.odu.cs.zeil.codegrader.TestCase:146 - .. 10
2024-11-23 12:40:39,270 INFO [main] edu.odu.cs.zeil.codegrader.TestCase:144 - executeTest using command: ./mergeLists shortList1.txt shortList2.txt
2024-11-23 12:40:39,270 INFO [main] edu.odu.cs.zeil.codegrader.TestCase:146 - .. 10
2024-11-23 12:40:39,400 INFO [main] edu.odu.cs.zeil.codegrader.TestCase:144 - executeTest using command: ./mergeLists shortList1.txt shortList2.txt
2024-11-23 12:40:39,401 INFO [main] edu.odu.cs.zeil.codegrader.TestCase:146 - .. 10
2024-11-23 12:40:39,520 INFO [main] edu.odu.cs.zeil.codegrader.TestCase:144 - executeTest using command: ./mergeLists tinyList1.txt tinyList2.txt
2024-11-23 12:40:39,521 INFO [main] edu.odu.cs.zeil.codegrader.TestCase:146 - .. 10
2024-11-23 12:40:39,646 INFO [main] edu.odu.cs.zeil.codegrader.TestCase:144 - executeTest using command: ./mergeLists tinyList1.txt tinyList2.txt
2024-11-23 12:40:39,646 INFO [main] edu.odu.cs.zeil.codegrader.TestCase:146 - .. 10
2024-11-23 12:40:39,763 INFO [main] edu.odu.cs.zeil.codegrader.TestCase:144 - executeTest using command: ./mergeLists tinyList2.txt tinyList1.txt
2024-11-23 12:40:39,764 INFO [main] edu.odu.cs.zeil.codegrader.TestCase:146 - .. 10
2024-11-23 12:40:39,888 INFO [main] edu.odu.cs.zeil.codegrader.TestCase:144 - executeTest using command: ./mergeLists tinyList2.txt tinyList1.txt
2024-11-23 12:40:39,888 INFO [main] edu.odu.cs.zeil.codegrader.TestCase:146 - .. 10
2024-11-23 12:40:40,012 INFO [main] edu.odu.cs.zeil.codegrader.TestCase:144 - executeTest using command: ./unittest testRL
2024-11-23 12:40:40,013 INFO [main] edu.odu.cs.zeil.codegrader.TestCase:146 - .. 10
2024-11-23 12:40:41,734 INFO [main] edu.odu.cs.zeil.codegrader.TestCase:144 - executeTest using command: ./unittest testRL zz
2024-11-23 12:40:41,734 INFO [main] edu.odu.cs.zeil.codegrader.TestCase:146 - .. 10
2024-11-23 12:40:43,742 INFO [main] edu.odu.cs.zeil.codegrader.TestSuite:503 - removing build/Tests/builder
2024-11-23 12:41:10,021 INFO [main] edu.odu.cs.zeil.codegrader.run.CLI:170 - Starting: -suite build/Tests -submissions .. -recording build -inPlace
2024-11-23 12:41:10,478 INFO [main] edu.odu.cs.zeil.codegrader.TestCase:144 - executeTest using command: make 
2024-11-23 12:41:10,482 INFO [main] edu.odu.cs.zeil.codegrader.TestCase:146 - .. 600
2024-11-23 12:41:10,624 INFO [main] edu.odu.cs.zeil.codegrader.TestCase:144 - executeTest using command: ./mergeLists emptyList.txt mediumList2.txt
2024-11-23 12:41:10,625 INFO [main] edu.odu.cs.zeil.codegrader.TestCase:146 - .. 10
2024-11-23 12:41:10,782 INFO [main] edu.odu.cs.zeil.codegrader.TestCase:144 - executeTest using command: ./mergeLists empty.txt mediumList2.txt
2024-11-23 12:41:10,783 INFO [main] edu.odu.cs.zeil.codegrader.TestCase:146 - .. 10
2024-11-23 12:41:10,917 INFO [main] edu.odu.cs.zeil.codegrader.TestCase:144 - executeTest using command: ./mergeLists mediumList1.txt emptyList.txt
2024-11-23 12:41:10,918 INFO [main] edu.odu.cs.zeil.codegrader.TestCase:146 - .. 10
2024-11-23 12:41:11,047 INFO [main] edu.odu.cs.zeil.codegrader.TestCase:144 - executeTest using command: ./mergeLists mediumList1.txt emptyList.txt
2024-11-23 12:41:11,048 INFO [main] edu.odu.cs.zeil.codegrader.TestCase:146 - .. 10
2024-11-23 12:41:11,174 INFO [main] edu.odu.cs.zeil.codegrader.TestCase:144 - executeTest using command: ./mergeLists mediumList1.txt mediumList2.txt
2024-11-23 12:41:11,175 INFO [main] edu.odu.cs.zeil.codegrader.TestCase:146 - .. 10
2024-11-23 12:41:11,311 INFO [main] edu.odu.cs.zeil.codegrader.TestCase:144 - executeTest using command: ./mergeLists mediumList1.txt mediumList2.txt
2024-11-23 12:41:11,312 INFO [main] edu.odu.cs.zeil.codegrader.TestCase:146 - .. 10
2024-11-23 12:41:11,454 INFO [main] edu.odu.cs.zeil.codegrader.TestCase:144 - executeTest using command: ./mergeLists mediumList3.txt mediumList1.txt
2024-11-23 12:41:11,454 INFO [main] edu.odu.cs.zeil.codegrader.TestCase:146 - .. 10
2024-11-23 12:41:11,586 INFO [main] edu.odu.cs.zeil.codegrader.TestCase:144 - executeTest using command: ./mergeLists mediumList3.txt mediumList1.txt
2024-11-23 12:41:11,587 INFO [main] edu.odu.cs.zeil.codegrader.TestCase:146 - .. 10
2024-11-23 12:41:11,723 INFO [main] edu.odu.cs.zeil.codegrader.TestCase:144 - executeTest using command: ./mergeLists mediumList3.txt mediumList2.txt
2024-11-23 12:41:11,723 INFO [main] edu.odu.cs.zeil.codegrader.TestCase:146 - .. 10
2024-11-23 12:41:11,852 INFO [main] edu.odu.cs.zeil.codegrader.TestCase:144 - executeTest using command: ./mergeLists mediumList3.txt mediumList2.txt
2024-11-23 12:41:11,853 INFO [main] edu.odu.cs.zeil.codegrader.TestCase:146 - .. 10
2024-11-23 12:41:11,983 INFO [main] edu.odu.cs.zeil.codegrader.TestCase:144 - executeTest using command: ./mergeLists shortList1.txt shortList2.txt
2024-11-23 12:41:11,985 INFO [main] edu.odu.cs.zeil.codegrader.TestCase:146 - .. 10
2024-11-23 12:41:12,106 INFO [main] edu.odu.cs.zeil.codegrader.TestCase:144 - executeTest using command: ./mergeLists shortList1.txt shortList2.txt
2024-11-23 12:41:12,107 INFO [main] edu.odu.cs.zeil.codegrader.TestCase:146 - .. 10
2024-11-23 12:41:12,246 INFO [main] edu.odu.cs.zeil.codegrader.TestCase:144 - executeTest using command: ./mergeLists tinyList1.txt tinyList2.txt
2024-11-23 12:41:12,247 INFO [main] edu.odu.cs.zeil.codegrader.TestCase:146 - .. 10
2024-11-23 12:41:12,370 INFO [main] edu.odu.cs.zeil.codegrader.TestCase:144 - executeTest using command: ./mergeLists tinyList1.txt tinyList2.txt
2024-11-23 12:41:12,370 INFO [main] edu.odu.cs.zeil.codegrader.TestCase:146 - .. 10
2024-11-23 12:41:12,489 INFO [main] edu.odu.cs.zeil.codegrader.TestCase:144 - executeTest using command: ./mergeLists tinyList2.txt tinyList1.txt
2024-11-23 12:41:12,490 INFO [main] edu.odu.cs.zeil.codegrader.TestCase:146 - .. 10
2024-11-23 12:41:12,613 INFO [main] edu.odu.cs.zeil.codegrader.TestCase:144 - executeTest using command: ./mergeLists tinyList2.txt tinyList1.txt
2024-11-23 12:41:12,613 INFO [main] edu.odu.cs.zeil.codegrader.TestCase:146 - .. 10
2024-11-23 12:41:12,732 INFO [main] edu.odu.cs.zeil.codegrader.TestCase:144 - executeTest using command: ./unittest testRL
2024-11-23 12:41:12,733 INFO [main] edu.odu.cs.zeil.codegrader.TestCase:146 - .. 10
2024-11-23 12:41:14,455 INFO [main] edu.odu.cs.zeil.codegrader.TestCase:144 - executeTest using command: ./unittest testRL zz
2024-11-23 12:41:14,456 INFO [main] edu.odu.cs.zeil.codegrader.TestCase:146 - .. 10
2024-11-23 12:41:16,463 INFO [main] edu.odu.cs.zeil.codegrader.TestSuite:503 - removing build/Tests/builder
